2025-08-18 18:54:16,408 - __main__ - INFO: Linux Plus Study System logging initialized
2025-08-18 18:54:16,408 - __main__ - INFO: Starting web application mode
2025-08-18 18:54:16,409 - utils.persistence_manager - INFO: Persistence Manager initialized
2025-08-18 18:54:16,409 - __main__ - INFO: Web application components loaded successfully
2025-08-18 18:54:16,416 - utils.database - INFO: Initializing sqlite without connection pooling
2025-08-18 18:54:16,425 - utils.database - INFO: Database connection test successful
2025-08-18 18:54:16,436 - views.web_view - WARNING: VM management features not available - vm_integration module not found
2025-08-18 18:54:16,438 - __main__ - INFO: Web interface loaded successfully - Starting server on 127.0.0.1:5000
2025-08-18 18:54:22,422 - views.web_view - ERROR: Heatmap API error: name 'analytics' is not defined
2025-08-18 18:54:27,627 - views.web_view - ERROR: Dashboard API error: No module named 'services.time_tracking_service'
2025-08-18 18:54:27,662 - views.web_view - ERROR: Heatmap API error: name 'analytics' is not defined
2025-08-18 18:54:32,480 - views.web_view - ERROR: Exception on /analytics [GET]
Traceback (most recent call last):
  File "/home/retiredfan/.local/lib/python3.12/site-packages/flask/app.py", line 1511, in wsgi_app
    response = self.full_dispatch_request()
               ^^^^^^^^^^^^^^^^^^^^^^^^^^^^
  File "/home/retiredfan/.local/lib/python3.12/site-packages/flask/app.py", line 919, in full_dispatch_request
    rv = self.handle_user_exception(e)
         ^^^^^^^^^^^^^^^^^^^^^^^^^^^^^
  File "/home/retiredfan/.local/lib/python3.12/site-packages/flask/app.py", line 917, in full_dispatch_request
    rv = self.dispatch_request()
         ^^^^^^^^^^^^^^^^^^^^^^^
  File "/home/retiredfan/.local/lib/python3.12/site-packages/flask/app.py", line 902, in dispatch_request
    return self.ensure_sync(self.view_functions[rule.endpoint])(**view_args)  # type: ignore[no-any-return]
           ^^^^^^^^^^^^^^^^^^^^^^^^^^^^^^^^^^^^^^^^^^^^^^^^^^^^^^^^^^^^^^^^^
  File "/home/retiredfan/Documents/github/Linux-test/Linux-Practice/linux_plus_study_v3/views/web_view.py", line 1736, in analytics_page
    return render_template('analytics_dashboard.html')
           ^^^^^^^^^^^^^^^^^^^^^^^^^^^^^^^^^^^^^^^^^^^
  File "/home/retiredfan/.local/lib/python3.12/site-packages/flask/templating.py", line 149, in render_template
    template = app.jinja_env.get_or_select_template(template_name_or_list)
               ^^^^^^^^^^^^^^^^^^^^^^^^^^^^^^^^^^^^^^^^^^^^^^^^^^^^^^^^^^^
  File "/usr/lib/python3/dist-packages/jinja2/environment.py", line 1081, in get_or_select_template
    return self.get_template(template_name_or_list, parent, globals)
           ^^^^^^^^^^^^^^^^^^^^^^^^^^^^^^^^^^^^^^^^^^^^^^^^^^^^^^^^^
  File "/usr/lib/python3/dist-packages/jinja2/environment.py", line 1010, in get_template
    return self._load_template(name, globals)
           ^^^^^^^^^^^^^^^^^^^^^^^^^^^^^^^^^^
  File "/usr/lib/python3/dist-packages/jinja2/environment.py", line 969, in _load_template
    template = self.loader.load(self, name, self.make_globals(globals))
               ^^^^^^^^^^^^^^^^^^^^^^^^^^^^^^^^^^^^^^^^^^^^^^^^^^^^^^^^
  File "/usr/lib/python3/dist-packages/jinja2/loaders.py", line 126, in load
    source, filename, uptodate = self.get_source(environment, name)
                                 ^^^^^^^^^^^^^^^^^^^^^^^^^^^^^^^^^^
  File "/home/retiredfan/.local/lib/python3.12/site-packages/flask/templating.py", line 65, in get_source
    return self._get_source_fast(environment, template)
           ^^^^^^^^^^^^^^^^^^^^^^^^^^^^^^^^^^^^^^^^^^^^
  File "/home/retiredfan/.local/lib/python3.12/site-packages/flask/templating.py", line 99, in _get_source_fast
    raise TemplateNotFound(template)
jinja2.exceptions.TemplateNotFound: analytics_dashboard.html
2025-08-18 18:54:32,565 - root - ERROR: Request error: analytics_dashboard.html
2025-08-18 18:54:43,008 - views.web_view - INFO: Starting clear statistics operation
2025-08-18 18:54:43,010 - views.web_view - ERROR: Analytics clear error: No module named 'models.analytics'
2025-08-18 18:54:43,010 - views.web_view - INFO: Reset game state data
2025-08-18 18:54:43,010 - views.web_view - INFO: Reset quiz controller session
2025-08-18 18:54:43,010 - views.web_view - ERROR: Time tracking reset error: No module named 'services.time_tracking_service'
2025-08-18 18:54:43,010 - views.web_view - INFO: Reset achievements file
2025-08-18 18:54:43,010 - views.web_view - INFO: Reset history file
2025-08-18 18:54:43,011 - views.web_view - INFO: Clear statistics operation completed successfully
2025-08-18 18:54:49,701 - views.web_view - ERROR: Heatmap API error: name 'analytics' is not defined
2025-08-18 18:54:52,696 - views.web_view - ERROR: Dashboard API error: No module named 'services.time_tracking_service'
2025-08-18 18:54:52,718 - views.web_view - ERROR: Heatmap API error: name 'analytics' is not defined
2025-08-18 18:54:54,336 - views.web_view - ERROR: Exception on /analytics [GET]
Traceback (most recent call last):
  File "/home/retiredfan/.local/lib/python3.12/site-packages/flask/app.py", line 1511, in wsgi_app
    response = self.full_dispatch_request()
               ^^^^^^^^^^^^^^^^^^^^^^^^^^^^
  File "/home/retiredfan/.local/lib/python3.12/site-packages/flask/app.py", line 919, in full_dispatch_request
    rv = self.handle_user_exception(e)
         ^^^^^^^^^^^^^^^^^^^^^^^^^^^^^
  File "/home/retiredfan/.local/lib/python3.12/site-packages/flask/app.py", line 917, in full_dispatch_request
    rv = self.dispatch_request()
         ^^^^^^^^^^^^^^^^^^^^^^^
  File "/home/retiredfan/.local/lib/python3.12/site-packages/flask/app.py", line 902, in dispatch_request
    return self.ensure_sync(self.view_functions[rule.endpoint])(**view_args)  # type: ignore[no-any-return]
           ^^^^^^^^^^^^^^^^^^^^^^^^^^^^^^^^^^^^^^^^^^^^^^^^^^^^^^^^^^^^^^^^^
  File "/home/retiredfan/Documents/github/Linux-test/Linux-Practice/linux_plus_study_v3/views/web_view.py", line 1736, in analytics_page
    return render_template('analytics_dashboard.html')
           ^^^^^^^^^^^^^^^^^^^^^^^^^^^^^^^^^^^^^^^^^^^
  File "/home/retiredfan/.local/lib/python3.12/site-packages/flask/templating.py", line 149, in render_template
    template = app.jinja_env.get_or_select_template(template_name_or_list)
               ^^^^^^^^^^^^^^^^^^^^^^^^^^^^^^^^^^^^^^^^^^^^^^^^^^^^^^^^^^^
  File "/usr/lib/python3/dist-packages/jinja2/environment.py", line 1081, in get_or_select_template
    return self.get_template(template_name_or_list, parent, globals)
           ^^^^^^^^^^^^^^^^^^^^^^^^^^^^^^^^^^^^^^^^^^^^^^^^^^^^^^^^^
  File "/usr/lib/python3/dist-packages/jinja2/environment.py", line 1010, in get_template
    return self._load_template(name, globals)
           ^^^^^^^^^^^^^^^^^^^^^^^^^^^^^^^^^^
  File "/usr/lib/python3/dist-packages/jinja2/environment.py", line 969, in _load_template
    template = self.loader.load(self, name, self.make_globals(globals))
               ^^^^^^^^^^^^^^^^^^^^^^^^^^^^^^^^^^^^^^^^^^^^^^^^^^^^^^^^
  File "/usr/lib/python3/dist-packages/jinja2/loaders.py", line 126, in load
    source, filename, uptodate = self.get_source(environment, name)
                                 ^^^^^^^^^^^^^^^^^^^^^^^^^^^^^^^^^^
  File "/home/retiredfan/.local/lib/python3.12/site-packages/flask/templating.py", line 65, in get_source
    return self._get_source_fast(environment, template)
           ^^^^^^^^^^^^^^^^^^^^^^^^^^^^^^^^^^^^^^^^^^^^
  File "/home/retiredfan/.local/lib/python3.12/site-packages/flask/templating.py", line 99, in _get_source_fast
    raise TemplateNotFound(template)
jinja2.exceptions.TemplateNotFound: analytics_dashboard.html
2025-08-18 18:54:54,337 - root - ERROR: Request error: analytics_dashboard.html
2025-08-18 18:55:02,631 - views.web_view - ERROR: Statistics API error: 'total_correct'
2025-08-18 18:55:06,018 - views.web_view - ERROR: Heatmap API error: name 'analytics' is not defined
2025-08-18 18:55:32,935 - views.web_view - ERROR: Heatmap API error: name 'analytics' is not defined
2025-08-18 18:55:40,205 - views.web_view - ERROR: Statistics API error: 'total_correct'
2025-08-18 18:55:42,816 - views.web_view - ERROR: Heatmap API error: name 'analytics' is not defined
2025-08-18 18:56:06,491 - views.web_view - ERROR: Heatmap API error: name 'analytics' is not defined
2025-08-18 19:01:09,860 - __main__ - INFO: Received signal 2, initiating graceful shutdown
2025-08-18 19:01:09,860 - utils.database - INFO: All database connections closed
2025-08-18 19:01:11,008 - __main__ - INFO: Linux Plus Study System logging initialized
2025-08-18 19:01:11,008 - __main__ - INFO: Starting web application mode
2025-08-18 19:01:11,008 - utils.persistence_manager - INFO: Persistence Manager initialized
2025-08-18 19:01:11,009 - __main__ - INFO: Web application components loaded successfully
2025-08-18 19:01:11,017 - utils.database - INFO: Initializing sqlite without connection pooling
2025-08-18 19:01:11,027 - utils.database - INFO: Database connection test successful
2025-08-18 19:01:11,039 - views.web_view - WARNING: VM management features not available - vm_integration module not found
2025-08-18 19:01:11,042 - __main__ - INFO: Web interface loaded successfully - Starting server on 127.0.0.1:5000
